<?xml version="1.0" encoding="UTF-8"?>
<!-- Generated by org.testng.reporters.JUnitXMLReporter -->
<testsuite ignored="0" hostname="C02FX0UNMD6M.local" failures="0" tests="2" name="/Users/nitingupta/git-tutorials/JenkinsTutorial/src/test/java/org/example/FacebookTest.java" time="23.694" errors="0" timestamp="2024-12-01T02:41:49 IST">
  <testcase classname="org.example.FacebookTest" name="openLoginPage" time="1.402"/>
  <testcase classname="org.example.FacebookTest" name="signInInvalid" time="16.053"/>
</testsuite> <!-- /Users/nitingupta/git-tutorials/JenkinsTutorial/src/test/java/org/example/FacebookTest.java -->
