<?xml version="1.0" encoding="UTF-8"?>
<testng-results ignored="0" total="2" passed="2" failed="0" skipped="0">
  <reporter-output>
  </reporter-output>
  <suite started-at="2024-12-01T02:17:05 IST" name="All Test Suite" finished-at="2024-12-01T02:17:18 IST" duration-ms="12547">
    <groups>
    </groups>
    <test started-at="2024-12-01T02:17:05 IST" name="/Users/nitingupta/git-tutorials/JenkinsTutorial/src/test/java/org/example/FacebookTest.java" finished-at="2024-12-01T02:17:18 IST" duration-ms="12547">
      <class name="org.example.FacebookTest">
        <test-method is-config="true" signature="setUp()[pri:0, instance:org.example.FacebookTest@6dbb137d]" started-at="2024-12-01T02:17:03 IST" name="setUp" finished-at="2024-12-01T02:17:05 IST" duration-ms="2407" status="PASS">
          <reporter-output>
          </reporter-output>
        </test-method> <!-- setUp -->
        <test-method signature="openLoginPage()[pri:1, instance:org.example.FacebookTest@6dbb137d]" started-at="2024-12-01T02:17:05 IST" name="openLoginPage" finished-at="2024-12-01T02:17:06 IST" duration-ms="881" status="PASS">
          <reporter-output>
          </reporter-output>
        </test-method> <!-- openLoginPage -->
        <test-method is-config="true" signature="sleep()[pri:0, instance:org.example.FacebookTest@6dbb137d]" started-at="2024-12-01T02:17:06 IST" name="sleep" finished-at="2024-12-01T02:17:09 IST" duration-ms="3009" status="PASS">
          <reporter-output>
          </reporter-output>
        </test-method> <!-- sleep -->
        <test-method signature="signInInvalid()[pri:2, instance:org.example.FacebookTest@6dbb137d]" started-at="2024-12-01T02:17:09 IST" name="signInInvalid" finished-at="2024-12-01T02:17:15 IST" duration-ms="5633" status="PASS">
          <reporter-output>
          </reporter-output>
        </test-method> <!-- signInInvalid -->
        <test-method is-config="true" signature="sleep()[pri:0, instance:org.example.FacebookTest@6dbb137d]" started-at="2024-12-01T02:17:15 IST" name="sleep" finished-at="2024-12-01T02:17:18 IST" duration-ms="3002" status="PASS">
          <reporter-output>
          </reporter-output>
        </test-method> <!-- sleep -->
        <test-method is-config="true" signature="tearDown()[pri:0, instance:org.example.FacebookTest@6dbb137d]" started-at="2024-12-01T02:17:18 IST" name="tearDown" finished-at="2024-12-01T02:17:18 IST" duration-ms="148" status="PASS">
          <reporter-output>
          </reporter-output>
        </test-method> <!-- tearDown -->
      </class> <!-- org.example.FacebookTest -->
    </test> <!-- /Users/nitingupta/git-tutorials/JenkinsTutorial/src/test/java/org/example/FacebookTest.java -->
  </suite> <!-- All Test Suite -->
</testng-results>
