<?xml version="1.0" encoding="UTF-8"?>
<testng-results ignored="0" total="2" passed="2" failed="0" skipped="0">
  <reporter-output>
  </reporter-output>
  <suite started-at="2024-12-01T02:41:25 IST" name="All Test Suite" finished-at="2024-12-01T02:41:49 IST" duration-ms="23694">
    <groups>
    </groups>
    <test started-at="2024-12-01T02:41:25 IST" name="/Users/nitingupta/git-tutorials/JenkinsTutorial/src/test/java/org/example/FacebookTest.java" finished-at="2024-12-01T02:41:49 IST" duration-ms="23694">
      <class name="org.example.FacebookTest">
        <test-method is-config="true" signature="setUp()[pri:0, instance:org.example.FacebookTest@16aa0a0a]" started-at="2024-12-01T02:41:21 IST" name="setUp" finished-at="2024-12-01T02:41:25 IST" duration-ms="3797" status="PASS">
          <reporter-output>
          </reporter-output>
        </test-method> <!-- setUp -->
        <test-method signature="openLoginPage()[pri:1, instance:org.example.FacebookTest@16aa0a0a]" started-at="2024-12-01T02:41:25 IST" name="openLoginPage" finished-at="2024-12-01T02:41:26 IST" duration-ms="1402" status="PASS">
          <reporter-output>
          </reporter-output>
        </test-method> <!-- openLoginPage -->
        <test-method is-config="true" signature="sleep()[pri:0, instance:org.example.FacebookTest@16aa0a0a]" started-at="2024-12-01T02:41:26 IST" name="sleep" finished-at="2024-12-01T02:41:29 IST" duration-ms="3005" status="PASS">
          <reporter-output>
          </reporter-output>
        </test-method> <!-- sleep -->
        <test-method signature="signInInvalid()[pri:2, instance:org.example.FacebookTest@16aa0a0a]" started-at="2024-12-01T02:41:29 IST" name="signInInvalid" finished-at="2024-12-01T02:41:46 IST" duration-ms="16053" status="PASS">
          <reporter-output>
          </reporter-output>
        </test-method> <!-- signInInvalid -->
        <test-method is-config="true" signature="sleep()[pri:0, instance:org.example.FacebookTest@16aa0a0a]" started-at="2024-12-01T02:41:46 IST" name="sleep" finished-at="2024-12-01T02:41:49 IST" duration-ms="3011" status="PASS">
          <reporter-output>
          </reporter-output>
        </test-method> <!-- sleep -->
        <test-method is-config="true" signature="tearDown()[pri:0, instance:org.example.FacebookTest@16aa0a0a]" started-at="2024-12-01T02:41:49 IST" name="tearDown" finished-at="2024-12-01T02:41:49 IST" duration-ms="147" status="PASS">
          <reporter-output>
          </reporter-output>
        </test-method> <!-- tearDown -->
      </class> <!-- org.example.FacebookTest -->
    </test> <!-- /Users/nitingupta/git-tutorials/JenkinsTutorial/src/test/java/org/example/FacebookTest.java -->
  </suite> <!-- All Test Suite -->
</testng-results>
